<?xml version="1.0" encoding="UTF-8"?>
<testsuite xmlns:xsi="http://www.w3.org/2001/XMLSchema-instance" xsi:noNamespaceSchemaLocation="https://maven.apache.org/surefire/maven-surefire-plugin/xsd/surefire-test-report.xsd" name="MainTests" time="0.499" tests="3" errors="0" skipped="0" failures="0">
  <properties>
[...]
</properties>
  <testcase name="createNewEmployee" classname="MainTests" time="0.388"/>
  <testcase name="readFromDb" classname="MainTests" time="0.022"/>
  <testcase name="test3" classname="MainTests" time="0.017"/>
</testsuite>